Traceback (most recent call last):
  File "/home/gaurav/miniforge3/envs/optimagic/lib/python3.10/site-packages/jupyter_core/utils/__init__.py", line 154, in wrapped
    asyncio.get_running_loop()
RuntimeError: no running event loop

During handling of the above exception, another exception occurred:

Traceback (most recent call last):
  File "/home/gaurav/miniforge3/envs/optimagic/lib/python3.10/site-packages/jupyter_cache/executors/utils.py", line 58, in single_nb_execution
    executenb(
  File "/home/gaurav/miniforge3/envs/optimagic/lib/python3.10/site-packages/nbclient/client.py", line 1305, in execute
    return NotebookClient(nb=nb, resources=resources, km=km, **kwargs).execute()
  File "/home/gaurav/miniforge3/envs/optimagic/lib/python3.10/site-packages/jupyter_core/utils/__init__.py", line 158, in wrapped
    return loop.run_until_complete(inner)
  File "/home/gaurav/miniforge3/envs/optimagic/lib/python3.10/asyncio/base_events.py", line 649, in run_until_complete
    return future.result()
  File "/home/gaurav/miniforge3/envs/optimagic/lib/python3.10/site-packages/nbclient/client.py", line 705, in async_execute
    await self.async_execute_cell(
  File "/home/gaurav/miniforge3/envs/optimagic/lib/python3.10/site-packages/nbclient/client.py", line 1058, in async_execute_cell
    await self._check_raise_for_error(cell, cell_index, exec_reply)
  File "/home/gaurav/miniforge3/envs/optimagic/lib/python3.10/site-packages/nbclient/client.py", line 914, in _check_raise_for_error
    raise CellExecutionError.from_cell_and_msg(cell, exec_reply_content)
nbclient.exceptions.CellExecutionError: An error occurred while executing the following cell:
------------------
import optimagic as om

res = om.minimize()

om.criterion_plot()
------------------


[0;31m---------------------------------------------------------------------------[0m
[0;31mMissingInputError[0m                         Traceback (most recent call last)
Cell [0;32mIn[2], line 3[0m
[1;32m      1[0m [38;5;28;01mimport[39;00m[38;5;250m [39m[38;5;21;01moptimagic[39;00m[38;5;250m [39m[38;5;28;01mas[39;00m[38;5;250m [39m[38;5;21;01mom[39;00m
[0;32m----> 3[0m res [38;5;241m=[39m [43mom[49m[38;5;241;43m.[39;49m[43mminimize[49m[43m([49m[43m)[49m
[1;32m      5[0m om[38;5;241m.[39mcriterion_plot()

File [0;32m~/Documents/optimagic/src/optimagic/optimization/optimize.py:434[0m, in [0;36mminimize[0;34m(fun, params, algorithm, bounds, constraints, fun_kwargs, algo_options, jac, jac_kwargs, fun_and_jac, fun_and_jac_kwargs, numdiff_options, logging, error_handling, error_penalty, scaling, multistart, collect_history, skip_checks, x0, method, args, hess, hessp, callback, options, tol, criterion, criterion_kwargs, derivative, derivative_kwargs, criterion_and_derivative, criterion_and_derivative_kwargs, log_options, lower_bounds, upper_bounds, soft_lower_bounds, soft_upper_bounds, scaling_options, multistart_options)[0m
[1;32m    286[0m [38;5;28;01mdef[39;00m[38;5;250m [39m[38;5;21mminimize[39m(
[1;32m    287[0m     fun: FunType [38;5;241m|[39m CriterionType [38;5;241m|[39m [38;5;28;01mNone[39;00m [38;5;241m=[39m [38;5;28;01mNone[39;00m,
[1;32m    288[0m     params: PyTree [38;5;241m|[39m [38;5;28;01mNone[39;00m [38;5;241m=[39m [38;5;28;01mNone[39;00m,
[0;32m   (...)[0m
[1;32m    332[0m     multistart_options: [38;5;28mdict[39m[[38;5;28mstr[39m, Any] [38;5;241m|[39m [38;5;28;01mNone[39;00m [38;5;241m=[39m [38;5;28;01mNone[39;00m,
[1;32m    333[0m ) [38;5;241m-[39m[38;5;241m>[39m OptimizeResult:
[1;32m    334[0m [38;5;250m    [39m[38;5;124;03m"""Minimize criterion using algorithm subject to constraints.[39;00m
[1;32m    335[0m 
[1;32m    336[0m [38;5;124;03m    Args:[39;00m
[0;32m   (...)[0m
[1;32m    431[0m 
[1;32m    432[0m [38;5;124;03m    """[39;00m
[0;32m--> 434[0m     problem [38;5;241m=[39m [43mcreate_optimization_problem[49m[43m([49m
[1;32m    435[0m [43m        [49m[43mdirection[49m[38;5;241;43m=[39;49m[43mDirection[49m[38;5;241;43m.[39;49m[43mMINIMIZE[49m[43m,[49m
[1;32m    436[0m [43m        [49m[43mfun[49m[38;5;241;43m=[39;49m[43mfun[49m[43m,[49m
[1;32m    437[0m [43m        [49m[43mparams[49m[38;5;241;43m=[39;49m[43mparams[49m[43m,[49m
[1;32m    438[0m [43m        [49m[43malgorithm[49m[38;5;241;43m=[39;49m[43malgorithm[49m[43m,[49m
[1;32m    439[0m [43m        [49m[43mbounds[49m[38;5;241;43m=[39;49m[43mbounds[49m[43m,[49m
[1;32m    440[0m [43m        [49m[43mfun_kwargs[49m[38;5;241;43m=[39;49m[43mfun_kwargs[49m[43m,[49m
[1;32m    441[0m [43m        [49m[43mconstraints[49m[38;5;241;43m=[39;49m[43mconstraints[49m[43m,[49m
[1;32m    442[0m [43m        [49m[43malgo_options[49m[38;5;241;43m=[39;49m[43malgo_options[49m[43m,[49m
[1;32m    443[0m [43m        [49m[43mjac[49m[38;5;241;43m=[39;49m[43mjac[49m[43m,[49m
[1;32m    444[0m [43m        [49m[43mjac_kwargs[49m[38;5;241;43m=[39;49m[43mjac_kwargs[49m[43m,[49m
[1;32m    445[0m [43m        [49m[43mfun_and_jac[49m[38;5;241;43m=[39;49m[43mfun_and_jac[49m[43m,[49m
[1;32m    446[0m [43m        [49m[43mfun_and_jac_kwargs[49m[38;5;241;43m=[39;49m[43mfun_and_jac_kwargs[49m[43m,[49m
[1;32m    447[0m [43m        [49m[43mnumdiff_options[49m[38;5;241;43m=[39;49m[43mnumdiff_options[49m[43m,[49m
[1;32m    448[0m [43m        [49m[43mlogging[49m[38;5;241;43m=[39;49m[43mlogging[49m[43m,[49m
[1;32m    449[0m [43m        [49m[43merror_handling[49m[38;5;241;43m=[39;49m[43merror_handling[49m[43m,[49m
[1;32m    450[0m [43m        [49m[43merror_penalty[49m[38;5;241;43m=[39;49m[43merror_penalty[49m[43m,[49m
[1;32m    451[0m [43m        [49m[43mscaling[49m[38;5;241;43m=[39;49m[43mscaling[49m[43m,[49m
[1;32m    452[0m [43m        [49m[43mmultistart[49m[38;5;241;43m=[39;49m[43mmultistart[49m[43m,[49m
[1;32m    453[0m [43m        [49m[43mcollect_history[49m[38;5;241;43m=[39;49m[43mcollect_history[49m[43m,[49m
[1;32m    454[0m [43m        [49m[43mskip_checks[49m[38;5;241;43m=[39;49m[43mskip_checks[49m[43m,[49m
[1;32m    455[0m [43m        [49m[38;5;66;43;03m# scipy aliases[39;49;00m
[1;32m    456[0m [43m        [49m[43mx0[49m[38;5;241;43m=[39;49m[43mx0[49m[43m,[49m
[1;32m    457[0m [43m        [49m[43mmethod[49m[38;5;241;43m=[39;49m[43mmethod[49m[43m,[49m
[1;32m    458[0m [43m        [49m[43margs[49m[38;5;241;43m=[39;49m[43margs[49m[43m,[49m
[1;32m    459[0m [43m        [49m[38;5;66;43;03m# scipy arguments that are not yet supported[39;49;00m
[1;32m    460[0m [43m        [49m[43mhess[49m[38;5;241;43m=[39;49m[43mhess[49m[43m,[49m
[1;32m    461[0m [43m        [49m[43mhessp[49m[38;5;241;43m=[39;49m[43mhessp[49m[43m,[49m
[1;32m    462[0m [43m        [49m[43mcallback[49m[38;5;241;43m=[39;49m[43mcallback[49m[43m,[49m
[1;32m    463[0m [43m        [49m[38;5;66;43;03m# scipy arguments that will never be supported[39;49;00m
[1;32m    464[0m [43m        [49m[43moptions[49m[38;5;241;43m=[39;49m[43moptions[49m[43m,[49m
[1;32m    465[0m [43m        [49m[43mtol[49m[38;5;241;43m=[39;49m[43mtol[49m[43m,[49m
[1;32m    466[0m [43m        [49m[38;5;66;43;03m# deprecated arguments[39;49;00m
[1;32m    467[0m [43m        [49m[43mcriterion[49m[38;5;241;43m=[39;49m[43mcriterion[49m[43m,[49m
[1;32m    468[0m [43m        [49m[43mcriterion_kwargs[49m[38;5;241;43m=[39;49m[43mcriterion_kwargs[49m[43m,[49m
[1;32m    469[0m [43m        [49m[43mderivative[49m[38;5;241;43m=[39;49m[43mderivative[49m[43m,[49m
[1;32m    470[0m [43m        [49m[43mderivative_kwargs[49m[38;5;241;43m=[39;49m[43mderivative_kwargs[49m[43m,[49m
[1;32m    471[0m [43m        [49m[43mcriterion_and_derivative[49m[38;5;241;43m=[39;49m[43mcriterion_and_derivative[49m[43m,[49m
[1;32m    472[0m [43m        [49m[43mcriterion_and_derivative_kwargs[49m[38;5;241;43m=[39;49m[43mcriterion_and_derivative_kwargs[49m[43m,[49m
[1;32m    473[0m [43m        [49m[43mlower_bounds[49m[38;5;241;43m=[39;49m[43mlower_bounds[49m[43m,[49m
[1;32m    474[0m [43m        [49m[43mlog_options[49m[38;5;241;43m=[39;49m[43mlog_options[49m[43m,[49m
[1;32m    475[0m [43m        [49m[43mupper_bounds[49m[38;5;241;43m=[39;49m[43mupper_bounds[49m[43m,[49m
[1;32m    476[0m [43m        [49m[43msoft_lower_bounds[49m[38;5;241;43m=[39;49m[43msoft_lower_bounds[49m[43m,[49m
[1;32m    477[0m [43m        [49m[43msoft_upper_bounds[49m[38;5;241;43m=[39;49m[43msoft_upper_bounds[49m[43m,[49m
[1;32m    478[0m [43m        [49m[43mscaling_options[49m[38;5;241;43m=[39;49m[43mscaling_options[49m[43m,[49m
[1;32m    479[0m [43m        [49m[43mmultistart_options[49m[38;5;241;43m=[39;49m[43mmultistart_options[49m[43m,[49m
[1;32m    480[0m [43m    [49m[43m)[49m
[1;32m    481[0m     [38;5;28;01mreturn[39;00m _optimize(problem)

File [0;32m~/Documents/optimagic/src/optimagic/optimization/create_optimization_problem.py:149[0m, in [0;36mcreate_optimization_problem[0;34m(direction, fun, params, algorithm, bounds, fun_kwargs, constraints, algo_options, jac, jac_kwargs, fun_and_jac, fun_and_jac_kwargs, numdiff_options, logging, error_handling, error_penalty, scaling, multistart, collect_history, skip_checks, x0, method, args, hess, hessp, callback, options, tol, criterion, criterion_kwargs, derivative, derivative_kwargs, criterion_and_derivative, criterion_and_derivative_kwargs, lower_bounds, log_options, upper_bounds, soft_lower_bounds, soft_upper_bounds, scaling_options, multistart_options)[0m
[1;32m    143[0m [38;5;28;01mif[39;00m fun_and_jac [38;5;129;01mis[39;00m [38;5;28;01mNone[39;00m [38;5;129;01mand[39;00m fun [38;5;129;01mis[39;00m [38;5;28;01mNone[39;00m [38;5;129;01mand[39;00m criterion [38;5;129;01mis[39;00m [38;5;28;01mNone[39;00m:
[1;32m    144[0m     msg [38;5;241m=[39m (
[1;32m    145[0m         [38;5;124m"[39m[38;5;124mMissing objective function. Please provide an objective function as the [39m[38;5;124m"[39m
[1;32m    146[0m         [38;5;124m"[39m[38;5;124mfirst positional argument or as the keyword argument `fun` or [39m[38;5;124m"[39m
[1;32m    147[0m         [38;5;124m"[39m[38;5;124m with `fun_and_jac`.[39m[38;5;124m"[39m
[1;32m    148[0m     )
[0;32m--> 149[0m     [38;5;28;01mraise[39;00m MissingInputError(msg)
[1;32m    151[0m [38;5;28;01mif[39;00m params [38;5;129;01mis[39;00m [38;5;28;01mNone[39;00m [38;5;129;01mand[39;00m x0 [38;5;129;01mis[39;00m [38;5;28;01mNone[39;00m:
[1;32m    152[0m     msg [38;5;241m=[39m (
[1;32m    153[0m         [38;5;124m"[39m[38;5;124mMissing start parameters. Please provide start parameters as the second [39m[38;5;124m"[39m
[1;32m    154[0m         [38;5;124m"[39m[38;5;124mpositional argument or as the keyword argument `params`.[39m[38;5;124m"[39m
[1;32m    155[0m     )

[0;31mMissingInputError[0m: Missing objective function. Please provide an objective function as the first positional argument or as the keyword argument `fun` or  with `fun_and_jac`.

